  
  c:\Users\educ\documents\visual studio 2015\Projects\ImagingV5\KivoCode>"C:\Program Files\NVIDIA GPU Computing Toolkit\CUDA\v8.0\bin\nvcc.exe" -ccbin "C:\Program Files (x86)\Microsoft Visual Studio 14.0\VC\bin\x86_amd64"  -I"C:\Program Files\NVIDIA GPU Computing Toolkit\CUDA\v8.0\include" -I"C:\Program Files\NVIDIA GPU Computing Toolkit\CUDA\v8.0\include"     --keep-dir x64\Release -maxrregcount=0  --machine 64 --compile      -DWIN32 -DWIN64 -DNDEBUG -D_CONSOLE -D_MBCS -Xcompiler "/EHsc /W3 /nologo /O2 /FS /Zi  /MD " -o x64\Release\kernel.cu.obj "c:\Users\educ\documents\visual studio 2015\Projects\ImagingV5\KivoCode\kernel.cu" -clean 
CUDACOMPILE : nvcc warning : The 'compute_20', 'sm_20', and 'sm_21' architectures are deprecated, and may be removed in a future release (Use -Wno-deprecated-gpu-targets to suppress warning).
  kernel.cu
  Compiling CUDA source file kernel.cu...
  
  c:\Users\educ\documents\visual studio 2015\Projects\ImagingV5\KivoCode>"C:\Program Files\NVIDIA GPU Computing Toolkit\CUDA\v8.0\bin\nvcc.exe" -gencode=arch=compute_20,code=\"sm_20,compute_20\" --use-local-env --cl-version 2015 -ccbin "C:\Program Files (x86)\Microsoft Visual Studio 14.0\VC\bin\x86_amd64"  -I"C:\Program Files\NVIDIA GPU Computing Toolkit\CUDA\v8.0\include" -I"C:\Program Files\NVIDIA GPU Computing Toolkit\CUDA\v8.0\include"     --keep-dir x64\Release -maxrregcount=0  --machine 64 --compile -cudart static     -DWIN32 -DWIN64 -DNDEBUG -D_CONSOLE -D_MBCS -Xcompiler "/EHsc /W3 /nologo /O2 /FS /Zi  /MD " -o x64\Release\kernel.cu.obj "c:\Users\educ\documents\visual studio 2015\Projects\ImagingV5\KivoCode\kernel.cu" 
U:\opencv\build\include\opencv2/core/base.hpp(365): warning : function declared with "noreturn" does return
U:\opencv\build\include\opencv2/stitching/detail/warpers.hpp(213): warning : overloaded virtual function "cv::detail::PlaneWarper::buildMaps" is only partially overridden in class "cv::detail::AffineWarper"
U:\opencv\build\include\opencv2/stitching/detail/warpers.hpp(213): warning : overloaded virtual function "cv::detail::PlaneWarper::warp" is only partially overridden in class "cv::detail::AffineWarper"
U:\opencv\build\include\opencv2/videostab/motion_stabilizing.hpp(106): warning : function "cv::videostab::IMotionStabilizer::stabilize(int, const std::vector<cv::Mat, std::allocator<cv::Mat>> &, std::pair<int, int>, cv::Mat *)" is hidden by "cv::videostab::GaussianMotionFilter::stabilize" -- virtual function override intended?
c:/Users/educ/documents/visual studio 2015/Projects/ImagingV5/KivoCode/kernel.cu(45): warning : a host variable "host_image" cannot be directly read in a device function
c:/Users/educ/documents/visual studio 2015/Projects/ImagingV5/KivoCode/kernel.cu(45): warning : a host variable "host_image" cannot be directly read in a device function
U:\opencv\build\include\opencv2/core/base.hpp(365): warning : function declared with "noreturn" does return
u:\opencv\build\include\opencv2\flann\lsh_table.h(217): warning : statement is unreachable
u:\opencv\build\include\opencv2\flann\lsh_table.h(222): warning : statement is unreachable
u:\opencv\build\include\opencv2\flann\lsh_table.h(231): warning : statement is unreachable
u:\opencv\build\include\opencv2\flann\index_testing.h(248): warning : variable "p1" was set but never used
U:\opencv\build\include\opencv2/stitching/detail/warpers.hpp(213): warning : overloaded virtual function "cv::detail::PlaneWarper::buildMaps" is only partially overridden in class "cv::detail::AffineWarper"
U:\opencv\build\include\opencv2/stitching/detail/warpers.hpp(213): warning : overloaded virtual function "cv::detail::PlaneWarper::warp" is only partially overridden in class "cv::detail::AffineWarper"
U:\opencv\build\include\opencv2/videostab/motion_stabilizing.hpp(106): warning : function "cv::videostab::IMotionStabilizer::stabilize(int, const std::vector<cv::Mat, std::allocator<cv::Mat>> &, std::pair<int, int>, cv::Mat *)" is hidden by "cv::videostab::GaussianMotionFilter::stabilize" -- virtual function override intended?
c:/Users/educ/documents/visual studio 2015/Projects/ImagingV5/KivoCode/kernel.cu(45): error : identifier "host_image" is undefined
CUDACOMPILE : nvcc warning : The 'compute_20', 'sm_20', and 'sm_21' architectures are deprecated, and may be removed in a future release (Use -Wno-deprecated-gpu-targets to suppress warning).
  kernel.cu
C:\Program Files (x86)\MSBuild\Microsoft.Cpp\v4.0\V140\BuildCustomizations\CUDA 8.0.targets(687,9): error MSB3721: The command ""C:\Program Files\NVIDIA GPU Computing Toolkit\CUDA\v8.0\bin\nvcc.exe" -gencode=arch=compute_20,code=\"sm_20,compute_20\" --use-local-env --cl-version 2015 -ccbin "C:\Program Files (x86)\Microsoft Visual Studio 14.0\VC\bin\x86_amd64"  -I"C:\Program Files\NVIDIA GPU Computing Toolkit\CUDA\v8.0\include" -I"C:\Program Files\NVIDIA GPU Computing Toolkit\CUDA\v8.0\include"     --keep-dir x64\Release -maxrregcount=0  --machine 64 --compile -cudart static     -DWIN32 -DWIN64 -DNDEBUG -D_CONSOLE -D_MBCS -Xcompiler "/EHsc /W3 /nologo /O2 /FS /Zi  /MD " -o x64\Release\kernel.cu.obj "c:\Users\educ\documents\visual studio 2015\Projects\ImagingV5\KivoCode\kernel.cu"" exited with code 2.
