  
  c:\Users\educ\documents\visual studio 2015\Projects\KivoTextSearch\KivoTextSearch>"C:\Program Files\NVIDIA GPU Computing Toolkit\CUDA\v8.0\bin\nvcc.exe" -ccbin "C:\Program Files (x86)\Microsoft Visual Studio 14.0\VC\bin\x86_amd64"  -I"C:\Program Files\NVIDIA GPU Computing Toolkit\CUDA\v8.0\include" -I"C:\Program Files\NVIDIA GPU Computing Toolkit\CUDA\v8.0\include"  -G   --keep-dir x64\Debug -maxrregcount=0  --machine 64 --compile   -g   -DWIN32 -DWIN64 -D_DEBUG -D_CONSOLE -D_MBCS -Xcompiler "/EHsc /W3 /nologo /Od /FS /Zi /RTC1 /MDd " -o x64\Debug\kernel.cu.obj "c:\Users\educ\documents\visual studio 2015\Projects\KivoTextSearch\KivoTextSearch\kernel.cu" -clean 
CUDACOMPILE : nvcc warning : The 'compute_20', 'sm_20', and 'sm_21' architectures are deprecated, and may be removed in a future release (Use -Wno-deprecated-gpu-targets to suppress warning).
  kernel.cu
  Compiling CUDA source file kernel.cu...
  
  c:\Users\educ\documents\visual studio 2015\Projects\KivoTextSearch\KivoTextSearch>"C:\Program Files\NVIDIA GPU Computing Toolkit\CUDA\v8.0\bin\nvcc.exe" -gencode=arch=compute_20,code=\"sm_20,compute_20\" --use-local-env --cl-version 2015 -ccbin "C:\Program Files (x86)\Microsoft Visual Studio 14.0\VC\bin\x86_amd64"  -I"C:\Program Files\NVIDIA GPU Computing Toolkit\CUDA\v8.0\include" -I"C:\Program Files\NVIDIA GPU Computing Toolkit\CUDA\v8.0\include"  -G   --keep-dir x64\Debug -maxrregcount=0  --machine 64 --compile -cudart static  -g   -DWIN32 -DWIN64 -D_DEBUG -D_CONSOLE -D_MBCS -Xcompiler "/EHsc /W3 /nologo /Od /FS /Zi /RTC1 /MDd " -o x64\Debug\kernel.cu.obj "c:\Users\educ\documents\visual studio 2015\Projects\KivoTextSearch\KivoTextSearch\kernel.cu" 
c:/Users/educ/documents/visual studio 2015/Projects/KivoTextSearch/KivoTextSearch/kernel.cu(34): warning : expression has no effect
c:/Users/educ/documents/visual studio 2015/Projects/KivoTextSearch/KivoTextSearch/kernel.cu(39): warning : expression has no effect
c:/Users/educ/documents/visual studio 2015/Projects/KivoTextSearch/KivoTextSearch/kernel.cu(34): warning : expression has no effect
c:/Users/educ/documents/visual studio 2015/Projects/KivoTextSearch/KivoTextSearch/kernel.cu(39): warning : expression has no effect
c:/Users/educ/documents/visual studio 2015/Projects/KivoTextSearch/KivoTextSearch/kernel.cu(164): warning : a __device__ variable "dev_bitmap" cannot be directly read in a host function
c:/Users/educ/documents/visual studio 2015/Projects/KivoTextSearch/KivoTextSearch/kernel.cu(169): warning : a __device__ variable "dev_buffer" cannot be directly read in a host function
c:/Users/educ/documents/visual studio 2015/Projects/KivoTextSearch/KivoTextSearch/kernel.cu(183): warning : a __device__ variable "dev_buffer" cannot be directly read in a host function
c:/Users/educ/documents/visual studio 2015/Projects/KivoTextSearch/KivoTextSearch/kernel.cu(183): warning : a __device__ variable "dev_bitmap" cannot be directly read in a host function
c:/Users/educ/documents/visual studio 2015/Projects/KivoTextSearch/KivoTextSearch/kernel.cu(188): warning : a __device__ variable "dev_bitmap" cannot be directly read in a host function
c:/Users/educ/documents/visual studio 2015/Projects/KivoTextSearch/KivoTextSearch/kernel.cu(214): warning : a __device__ variable "dev_buffer" cannot be directly read in a host function
c:/Users/educ/documents/visual studio 2015/Projects/KivoTextSearch/KivoTextSearch/kernel.cu(215): warning : a __device__ variable "dev_buffer" cannot be directly read in a host function
c:/Users/educ/documents/visual studio 2015/Projects/KivoTextSearch/KivoTextSearch/kernel.cu(217): warning : a __device__ variable "dev_bitmap" cannot be directly read in a host function
c:/Users/educ/documents/visual studio 2015/Projects/KivoTextSearch/KivoTextSearch/kernel.cu(218): warning : a __device__ variable "dev_bitmap" cannot be directly read in a host function
CUDACOMPILE : nvcc warning : The 'compute_20', 'sm_20', and 'sm_21' architectures are deprecated, and may be removed in a future release (Use -Wno-deprecated-gpu-targets to suppress warning).
  kernel.cu
c:/Users/educ/documents/visual studio 2015/Projects/KivoTextSearch/KivoTextSearch/kernel.cu(145): warning C4267: 'initializing': conversion from 'size_t' to 'int', possible loss of data
  HPT.cpp
  KivoTextSearch.vcxproj -> c:\users\educ\documents\visual studio 2015\Projects\KivoTextSearch\x64\Debug\KivoTextSearch.exe
  KivoTextSearch.vcxproj -> c:\users\educ\documents\visual studio 2015\Projects\KivoTextSearch\x64\Debug\KivoTextSearch.pdb (Full PDB)
  copy "C:\Program Files\NVIDIA GPU Computing Toolkit\CUDA\v8.0\bin\cudart*.dll" "c:\users\educ\documents\visual studio 2015\Projects\KivoTextSearch\x64\Debug\"
  C:\Program Files\NVIDIA GPU Computing Toolkit\CUDA\v8.0\bin\cudart32_80.dll
  C:\Program Files\NVIDIA GPU Computing Toolkit\CUDA\v8.0\bin\cudart64_80.dll
          2 file(s) copied.
